2016-09-28 11:17:56 INFO  GreetingCreation:39 - Create message => Good night, World!
2016-09-28 11:17:56 INFO  GreetingCreation:39 - Create message => Good night, World!
2016-09-28 11:17:56 INFO  GreetingCreation:39 - Create message => Good night, World!
2016-09-28 11:17:56 INFO  GreetingCreation:39 - Create message => Good night, World!
2016-09-28 11:17:56 INFO  GreetingCreation:39 - Create message => Good night, World!
2016-09-28 11:17:56 INFO  GreetingCreation:39 - Create message => Good night, World!
2016-09-28 11:17:56 INFO  GreetingCreation:39 - Create message => Good night, World!
2016-09-28 11:17:56 INFO  GreetingCreation:26 - Create message => Good morning, World!
2016-09-28 11:17:56 INFO  GreetingCreation:26 - Create message => Good morning, World!
2016-09-28 11:17:56 INFO  GreetingCreation:26 - Create message => Good morning, World!
2016-09-28 11:17:56 INFO  GreetingCreation:26 - Create message => Good morning, World!
2016-09-28 11:17:56 INFO  GreetingCreation:34 - Create message=> Good evening, World!
2016-09-28 11:17:56 INFO  GreetingCreation:34 - Create message=> Good evening, World!
2016-09-28 11:17:56 INFO  GreetingCreation:34 - Create message=> Good evening, World!
2016-09-28 11:17:56 INFO  GreetingCreation:34 - Create message=> Good evening, World!
2016-09-28 11:17:56 INFO  GreetingCreation:30 - Create message => Good day, World!
2016-09-28 11:17:56 INFO  GreetingCreation:30 - Create message => Good day, World!
2016-09-28 11:17:56 INFO  GreetingCreation:30 - Create message => Good day, World!
2016-09-28 11:17:56 INFO  GreetingCreation:30 - Create message => Good day, World!
2016-09-28 11:17:56 INFO  GreetingCreation:39 - Create message => Good night, World!
2016-09-28 11:45:01 INFO  GreetingCreation:39 - Create message => Good night, World!
2016-09-28 11:45:01 INFO  GreetingCreation:39 - Create message => Good night, World!
2016-09-28 11:45:01 INFO  GreetingCreation:39 - Create message => Good night, World!
2016-09-28 11:45:01 INFO  GreetingCreation:39 - Create message => Good night, World!
2016-09-28 11:45:01 INFO  GreetingCreation:39 - Create message => Good night, World!
2016-09-28 11:45:01 INFO  GreetingCreation:39 - Create message => Good night, World!
2016-09-28 11:45:01 INFO  GreetingCreation:39 - Create message => Good night, World!
2016-09-28 11:45:01 INFO  GreetingCreation:26 - Create message => Good morning, World!
2016-09-28 11:45:01 INFO  GreetingCreation:26 - Create message => Good morning, World!
2016-09-28 11:45:01 INFO  GreetingCreation:26 - Create message => Good morning, World!
2016-09-28 11:45:01 INFO  GreetingCreation:26 - Create message => Good morning, World!
2016-09-28 11:45:01 INFO  GreetingCreation:34 - Create message=> Good evening, World!
2016-09-28 11:45:01 INFO  GreetingCreation:34 - Create message=> Good evening, World!
2016-09-28 11:45:01 INFO  GreetingCreation:34 - Create message=> Good evening, World!
2016-09-28 11:45:01 INFO  GreetingCreation:34 - Create message=> Good evening, World!
2016-09-28 11:45:01 INFO  GreetingCreation:30 - Create message => Good day, World!
2016-09-28 11:45:01 INFO  GreetingCreation:30 - Create message => Good day, World!
2016-09-28 11:45:01 INFO  GreetingCreation:30 - Create message => Good day, World!
2016-09-28 11:45:01 INFO  GreetingCreation:30 - Create message => Good day, World!
2016-09-28 11:45:01 INFO  GreetingCreation:39 - Create message => Good night, World!
2016-09-28 11:45:14 INFO  GreetingCreation:39 - Create message => Good night, World!
2016-09-28 11:45:14 INFO  GreetingCreation:39 - Create message => Good night, World!
2016-09-28 11:45:14 INFO  GreetingCreation:39 - Create message => Good night, World!
2016-09-28 11:45:14 INFO  GreetingCreation:39 - Create message => Good night, World!
2016-09-28 11:45:14 INFO  GreetingCreation:39 - Create message => Good night, World!
2016-09-28 11:45:14 INFO  GreetingCreation:39 - Create message => Good night, World!
2016-09-28 11:45:14 INFO  GreetingCreation:39 - Create message => Good night, World!
2016-09-28 11:45:14 INFO  GreetingCreation:26 - Create message => Good morning, World!
2016-09-28 11:45:14 INFO  GreetingCreation:26 - Create message => Good morning, World!
2016-09-28 11:45:14 INFO  GreetingCreation:26 - Create message => Good morning, World!
2016-09-28 11:45:14 INFO  GreetingCreation:26 - Create message => Good morning, World!
2016-09-28 11:45:14 INFO  GreetingCreation:34 - Create message=> Good evening, World!
2016-09-28 11:45:14 INFO  GreetingCreation:34 - Create message=> Good evening, World!
2016-09-28 11:45:14 INFO  GreetingCreation:34 - Create message=> Good evening, World!
2016-09-28 11:45:14 INFO  GreetingCreation:34 - Create message=> Good evening, World!
2016-09-28 11:45:14 INFO  GreetingCreation:30 - Create message => Good day, World!
2016-09-28 11:45:14 INFO  GreetingCreation:30 - Create message => Good day, World!
2016-09-28 11:45:14 INFO  GreetingCreation:30 - Create message => Good day, World!
2016-09-28 11:45:14 INFO  GreetingCreation:30 - Create message => Good day, World!
2016-09-28 11:45:14 INFO  GreetingCreation:39 - Create message => Good night, World!
2016-09-28 11:45:22 INFO  Main:19 - Start program
2016-09-28 11:45:24 INFO  GreetingCreation:30 - Create message => Good day, World!
2016-09-28 11:46:41 INFO  GreetingCreation:39 - Create message => Good night, World!
2016-09-28 11:46:41 INFO  GreetingCreation:39 - Create message => Good night, World!
2016-09-28 11:46:41 INFO  GreetingCreation:39 - Create message => Good night, World!
2016-09-28 11:46:41 INFO  GreetingCreation:39 - Create message => Good night, World!
2016-09-28 11:46:41 INFO  GreetingCreation:39 - Create message => Good night, World!
2016-09-28 11:46:41 INFO  GreetingCreation:39 - Create message => Good night, World!
2016-09-28 11:46:41 INFO  GreetingCreation:39 - Create message => Good night, World!
2016-09-28 11:46:41 INFO  GreetingCreation:26 - Create message => Good morning, World!
2016-09-28 11:46:41 INFO  GreetingCreation:26 - Create message => Good morning, World!
2016-09-28 11:46:41 INFO  GreetingCreation:26 - Create message => Good morning, World!
2016-09-28 11:46:41 INFO  GreetingCreation:26 - Create message => Good morning, World!
2016-09-28 11:46:41 INFO  GreetingCreation:34 - Create message=> Good evening, World!
2016-09-28 11:46:41 INFO  GreetingCreation:34 - Create message=> Good evening, World!
2016-09-28 11:46:41 INFO  GreetingCreation:34 - Create message=> Good evening, World!
2016-09-28 11:46:41 INFO  GreetingCreation:34 - Create message=> Good evening, World!
2016-09-28 11:46:41 INFO  GreetingCreation:30 - Create message => Good day, World!
2016-09-28 11:46:41 INFO  GreetingCreation:30 - Create message => Good day, World!
2016-09-28 11:46:41 INFO  GreetingCreation:30 - Create message => Good day, World!
2016-09-28 11:46:41 INFO  GreetingCreation:30 - Create message => Good day, World!
2016-09-28 11:46:41 INFO  GreetingCreation:39 - Create message => Good night, World!
2016-09-28 12:18:28 INFO  GreetingCreation:39 - Create message => Good night, World!
2016-09-28 12:18:28 INFO  GreetingCreation:39 - Create message => Good night, World!
2016-09-28 12:18:28 INFO  GreetingCreation:39 - Create message => Good night, World!
2016-09-28 12:18:28 INFO  GreetingCreation:39 - Create message => Good night, World!
2016-09-28 12:18:28 INFO  GreetingCreation:39 - Create message => Good night, World!
2016-09-28 12:18:28 INFO  GreetingCreation:39 - Create message => Good night, World!
2016-09-28 12:18:28 INFO  GreetingCreation:39 - Create message => Good night, World!
2016-09-28 12:18:28 INFO  GreetingCreation:26 - Create message => Good morning, World!
2016-09-28 12:18:28 INFO  GreetingCreation:26 - Create message => Good morning, World!
2016-09-28 12:18:28 INFO  GreetingCreation:26 - Create message => Good morning, World!
2016-09-28 12:18:28 INFO  GreetingCreation:26 - Create message => Good morning, World!
2016-09-28 12:18:28 INFO  GreetingCreation:34 - Create message=> Good evening, World!
2016-09-28 12:18:28 INFO  GreetingCreation:34 - Create message=> Good evening, World!
2016-09-28 12:18:28 INFO  GreetingCreation:34 - Create message=> Good evening, World!
2016-09-28 12:18:28 INFO  GreetingCreation:34 - Create message=> Good evening, World!
2016-09-28 12:18:28 INFO  GreetingCreation:30 - Create message => Good day, World!
2016-09-28 12:18:28 INFO  GreetingCreation:30 - Create message => Good day, World!
2016-09-28 12:18:28 INFO  GreetingCreation:30 - Create message => Good day, World!
2016-09-28 12:18:28 INFO  GreetingCreation:30 - Create message => Good day, World!
2016-09-28 12:18:28 INFO  GreetingCreation:39 - Create message => Good night, World!
2016-09-28 12:31:15 INFO  GreetingCreation:39 - Create message => Good night, World!
2016-09-28 12:31:15 INFO  GreetingCreation:39 - Create message => Good night, World!
2016-09-28 12:31:15 INFO  GreetingCreation:39 - Create message => Good night, World!
2016-09-28 12:31:15 INFO  GreetingCreation:39 - Create message => Good night, World!
2016-09-28 12:31:15 INFO  GreetingCreation:39 - Create message => Good night, World!
2016-09-28 12:31:15 INFO  GreetingCreation:39 - Create message => Good night, World!
2016-09-28 12:31:15 INFO  GreetingCreation:39 - Create message => Good night, World!
2016-09-28 12:31:15 INFO  GreetingCreation:26 - Create message => Good morning, World!
2016-09-28 12:31:15 INFO  GreetingCreation:26 - Create message => Good morning, World!
2016-09-28 12:31:15 INFO  GreetingCreation:26 - Create message => Good morning, World!
2016-09-28 12:31:15 INFO  GreetingCreation:26 - Create message => Good morning, World!
2016-09-28 12:31:15 INFO  GreetingCreation:34 - Create message=> Good evening, World!
2016-09-28 12:31:15 INFO  GreetingCreation:34 - Create message=> Good evening, World!
2016-09-28 12:31:15 INFO  GreetingCreation:34 - Create message=> Good evening, World!
2016-09-28 12:31:15 INFO  GreetingCreation:34 - Create message=> Good evening, World!
2016-09-28 12:31:15 INFO  GreetingCreation:30 - Create message => Good day, World!
2016-09-28 12:31:15 INFO  GreetingCreation:30 - Create message => Good day, World!
2016-09-28 12:31:15 INFO  GreetingCreation:30 - Create message => Good day, World!
2016-09-28 12:31:15 INFO  GreetingCreation:30 - Create message => Good day, World!
2016-09-28 12:31:15 INFO  GreetingCreation:39 - Create message => Good night, World!
2016-09-28 12:35:31 INFO  GreetingCreation:39 - Create message => Good night, World!
2016-09-28 12:35:31 INFO  GreetingCreation:39 - Create message => Good night, World!
2016-09-28 12:35:31 INFO  GreetingCreation:39 - Create message => Good night, World!
2016-09-28 12:35:31 INFO  GreetingCreation:39 - Create message => Good night, World!
2016-09-28 12:35:31 INFO  GreetingCreation:39 - Create message => Good night, World!
2016-09-28 12:35:31 INFO  GreetingCreation:39 - Create message => Good night, World!
2016-09-28 12:35:31 INFO  GreetingCreation:39 - Create message => Good night, World!
2016-09-28 12:35:31 INFO  GreetingCreation:26 - Create message => Good morning, World!
2016-09-28 12:35:31 INFO  GreetingCreation:26 - Create message => Good morning, World!
2016-09-28 12:35:31 INFO  GreetingCreation:26 - Create message => Good morning, World!
2016-09-28 12:35:31 INFO  GreetingCreation:26 - Create message => Good morning, World!
2016-09-28 12:35:31 INFO  GreetingCreation:34 - Create message=> Good evening, World!
2016-09-28 12:35:31 INFO  GreetingCreation:34 - Create message=> Good evening, World!
2016-09-28 12:35:31 INFO  GreetingCreation:34 - Create message=> Good evening, World!
2016-09-28 12:35:31 INFO  GreetingCreation:34 - Create message=> Good evening, World!
2016-09-28 12:35:31 INFO  GreetingCreation:30 - Create message => Good day, World!
2016-09-28 12:35:31 INFO  GreetingCreation:30 - Create message => Good day, World!
2016-09-28 12:35:31 INFO  GreetingCreation:30 - Create message => Good day, World!
2016-09-28 12:35:31 INFO  GreetingCreation:30 - Create message => Good day, World!
2016-09-28 12:35:31 INFO  GreetingCreation:39 - Create message => Good night, World!
